Command line invocation:
    /Applications/Xcode-beta.app/Contents/Developer/usr/bin/xcodebuild -scheme PiDay -configuration Debug build

--- xcodebuild: WARNING: Using the first of multiple matching destinations:
{ platform:macOS, arch:arm64, variant:Mac Catalyst, id:00006040-001650D21A00801C, name:My Mac }
{ platform:macOS, arch:x86_64, variant:Mac Catalyst, id:00006040-001650D21A00801C, name:My Mac }
{ platform:macOS, arch:arm64, variant:Designed for [iPad,iPhone], id:00006040-001650D21A00801C, name:My Mac }
{ platform:iOS, id:dvtdevice-DVTiPhonePlaceholder-iphoneos:placeholder, name:Any iOS Device }
{ platform:iOS Simulator, id:dvtdevice-DVTiOSDeviceSimulatorPlaceholder-iphonesimulator:placeholder, name:Any iOS Simulator Device }
{ platform:macOS, variant:Mac Catalyst, name:Any Mac }
{ platform:iOS Simulator, arch:arm64, id:2DE2B4CD-FE3A-4300-879F-7CD276E2A4F0, OS:26.0, name:iPad (A16) }
{ platform:iOS Simulator, arch:arm64, id:BB19AD0E-4173-4A02-A950-9CDADA081278, OS:26.4, name:iPad (A16) }
{ platform:iOS Simulator, arch:arm64, id:C1C21A0A-72A9-4EA2-86DE-E45A960BFD6E, OS:26.0, name:iPad Air 11-inch (M3) }
{ platform:iOS Simulator, arch:arm64, id:E73A2964-34B8-4F07-8D0C-FC4F78AF9A19, OS:26.4, name:iPad Air 11-inch (M4) }
{ platform:iOS Simulator, arch:arm64, id:EA5FF8CC-4CAE-43E6-AD9E-70CBC274C38A, OS:26.0, name:iPad Air 13-inch (M3) }
{ platform:iOS Simulator, arch:arm64, id:5B6B36D0-E5DC-446A-B1C8-B233EEAA4684, OS:26.4, name:iPad Air 13-inch (M4) }
{ platform:iOS Simulator, arch:arm64, id:030C9624-6D9D-4285-8A6E-EDFCAFC81CD1, OS:26.0, name:iPad Pro 11-inch (M4) }
{ platform:iOS Simulator, arch:arm64, id:CB9B40E4-F8CD-462D-B61D-8BE335C5F290, OS:26.0, name:iPad Pro 11-inch (M5) }
{ platform:iOS Simulator, arch:arm64, id:4A5318E6-410A-44CC-92AB-40E54F5EDB2D, OS:26.4, name:iPad Pro 11-inch (M5) }
{ platform:iOS Simulator, arch:arm64, id:A7C19B2A-C34B-421D-B02C-7566D8D68716, OS:26.0, name:iPad Pro 13-inch (M4) }
{ platform:iOS Simulator, arch:arm64, id:0B03DDF7-7B23-425B-BF72-FAA49325228F, OS:26.0, name:iPad Pro 13-inch (M5) }
{ platform:iOS Simulator, arch:arm64, id:1E70BD4A-9674-4F28-943C-3AD2B1A43022, OS:26.4, name:iPad Pro 13-inch (M5) }
{ platform:iOS Simulator, arch:arm64, id:5784E592-7FA0-451A-AF0B-D560379DB3A8, OS:26.0, name:iPad mini (A17 Pro) }
{ platform:iOS Simulator, arch:arm64, id:B6B7F5F4-F30B-4CE3-85BF-2D970F3F7392, OS:26.4, name:iPad mini (A17 Pro) }
{ platform:iOS Simulator, arch:arm64, id:0729A115-01D8-458F-8C93-8C6663806F5D, OS:26.0, name:iPhone 16 }
{ platform:iOS Simulator, arch:arm64, id:5D516311-9FE5-48FD-9E4E-954F15D33054, OS:26.0, name:iPhone 16 }
{ platform:iOS Simulator, arch:arm64, id:24BBF0C3-EE82-4056-80EB-F22AFC85B729, OS:26.0, name:iPhone 16 Plus }
{ platform:iOS Simulator, arch:arm64, id:649B8424-4370-422F-9D00-A0067B3F43F7, OS:26.0, name:iPhone 16 Plus }
{ platform:iOS Simulator, arch:arm64, id:D71D9EB3-D178-4265-B1D6-3640D4EF6EBE, OS:26.0, name:iPhone 16 Pro }
{ platform:iOS Simulator, arch:arm64, id:2EFDF836-4A5A-406A-8C7C-0DFE5F3DBCA2, OS:26.0, name:iPhone 16 Pro Max }
{ platform:iOS Simulator, arch:arm64, id:5ED75564-6435-4E19-8316-461F2262BB9E, OS:26.0, name:iPhone 16e }
{ platform:iOS Simulator, arch:arm64, id:865BE6FA-071F-472D-A6D0-3325FEC7A1BC, OS:26.0, name:iPhone 17 }
{ platform:iOS Simulator, arch:arm64, id:D5CEC4F8-BB31-4B9B-A769-506F00912778, OS:26.4, name:iPhone 17 }
{ platform:iOS Simulator, arch:arm64, id:52DFC5DA-7189-4599-A984-CEA8EF587B55, OS:26.0, name:iPhone 17 Pro }
{ platform:iOS Simulator, arch:arm64, id:22AD7D9F-5FAC-42A3-9900-684522C17352, OS:26.4, name:iPhone 17 Pro }
{ platform:iOS Simulator, arch:arm64, id:64C47E7E-D844-41AF-A638-0493EACC5DFD, OS:26.0, name:iPhone 17 Pro Max }
{ platform:iOS Simulator, arch:arm64, id:99169B42-CE8E-43E0-9A7E-C4DD77BF6F78, OS:26.4, name:iPhone 17 Pro Max }
{ platform:iOS Simulator, arch:arm64, id:585BE425-501E-4588-BADA-5B7B8317B7DE, OS:26.4, name:iPhone 17e }
{ platform:iOS Simulator, arch:arm64, id:D3A703AD-1B2A-4055-AE8E-38B968150DCD, OS:26.0, name:iPhone Air }
{ platform:iOS Simulator, arch:arm64, id:FFB6F426-4231-4CCB-B7C7-F85CE73E5EE0, OS:26.4, name:iPhone Air }
{ platform:iOS, arch:arm64, id:00008150-00125C993AFB801C, name:GenErik }
ComputePackagePrebuildTargetDependencyGraph

Prepare packages

CreateBuildRequest

SendProjectDescription

CreateBuildOperation

ComputeTargetDependencyGraph
note: Building targets in dependency order
note: Target dependency graph (4 targets)
    Target 'PiDay' in project 'PiDay'
        ➜ Explicit dependency on target 'PiDayWidget' in project 'PiDay'
        ➜ Explicit dependency on target 'PiDayWatchApp' in project 'PiDay'
    Target 'PiDayWatchApp' in project 'PiDay'
        ➜ Explicit dependency on target 'PiDayWatchExtension' in project 'PiDay'
    Target 'PiDayWatchExtension' in project 'PiDay' (no dependencies)
    Target 'PiDayWidget' in project 'PiDay' (no dependencies)

GatherProvisioningInputs

CreateBuildDescription

ExecuteExternalTool /Applications/Xcode-beta.app/Contents/Developer/Toolchains/XcodeDefault.xctoolchain/usr/bin/swiftc --version

ExecuteExternalTool /Applications/Xcode-beta.app/Contents/Developer/Toolchains/XcodeDefault.xctoolchain/usr/bin/clang -v -E -dM -isysroot /Applications/Xcode-beta.app/Contents/Developer/Platforms/MacOSX.platform/Developer/SDKs/MacOSX26.4.sdk -x c -c /dev/null

ExecuteExternalTool /Applications/Xcode-beta.app/Contents/Developer/usr/bin/actool --version --output-format xml1

ExecuteExternalTool /Applications/Xcode-beta.app/Contents/Developer/Toolchains/XcodeDefault.xctoolchain/usr/bin/clang -v -E -dM -isysroot /Applications/Xcode-beta.app/Contents/Developer/Platforms/WatchOS.platform/Developer/SDKs/WatchOS26.4.sdk -x c -c /dev/null

ExecuteExternalTool /Applications/Xcode-beta.app/Contents/Developer/Toolchains/XcodeDefault.xctoolchain/usr/bin/ld -version_details

Build description signature: 5f75aaa8baea98f0a61b054108facebe
Build description path: /Users/veland/Library/Developer/Xcode/DerivedData/PiDay-axnnscpgdymittggsrzywssgspgw/Build/Intermediates.noindex/XCBuildData/5f75aaa8baea98f0a61b054108facebe.xcbuilddata
/Users/veland/PiDay/PiDay.xcodeproj: error: Signing for "PiDayWidget" requires a development team. Select a development team in the Signing & Capabilities editor. (in target 'PiDayWidget' from project 'PiDay')
/Users/veland/PiDay/PiDay.xcodeproj: error: Signing for "PiDay" requires a development team. Select a development team in the Signing & Capabilities editor. (in target 'PiDay' from project 'PiDay')
/Users/veland/PiDay/PiDay.xcodeproj: error: Signing for "PiDayWatchExtension" requires a development team. Select a development team in the Signing & Capabilities editor. (in target 'PiDayWatchExtension' from project 'PiDay')
/Users/veland/PiDay/PiDay.xcodeproj: error: Signing for "PiDayWatchApp" requires a development team. Select a development team in the Signing & Capabilities editor. (in target 'PiDayWatchApp' from project 'PiDay')
** BUILD FAILED **


The following build commands failed:
	Building project PiDay with scheme PiDay and configuration Debug
(1 failure)
